<?xml version="1.0" encoding="UTF-8"?>
<testsuite name="info.donggan.blog.QuartzExampleApplicationTests" tests="1" skipped="0" failures="0" errors="0" timestamp="2016-08-24T23:41:53" hostname="DongGandeiMac.lan" time="0.007">
  <properties/>
  <testcase name="contextLoads" classname="info.donggan.blog.QuartzExampleApplicationTests" time="0.007"/>
  <system-out><![CDATA[07:41:52.051 [Test worker] DEBUG org.springframework.test.context.junit4.SpringJUnit4ClassRunner - SpringJUnit4ClassRunner constructor called with [class info.donggan.blog.QuartzExampleApplicationTests]
07:41:52.054 [Test worker] DEBUG org.springframework.test.context.BootstrapUtils - Instantiating CacheAwareContextLoaderDelegate from class [org.springframework.test.context.cache.DefaultCacheAwareContextLoaderDelegate]
07:41:52.059 [Test worker] DEBUG org.springframework.test.context.BootstrapUtils - Instantiating BootstrapContext using constructor [public org.springframework.test.context.support.DefaultBootstrapContext(java.lang.Class,org.springframework.test.context.CacheAwareContextLoaderDelegate)]
07:41:52.069 [Test worker] DEBUG org.springframework.test.context.BootstrapUtils - Instantiating TestContextBootstrapper for test class [info.donggan.blog.QuartzExampleApplicationTests] from class [org.springframework.boot.test.context.SpringBootTestContextBootstrapper]
07:41:52.077 [Test worker] INFO org.springframework.boot.test.context.SpringBootTestContextBootstrapper - Neither @ContextConfiguration nor @ContextHierarchy found for test class [info.donggan.blog.QuartzExampleApplicationTests], using SpringBootContextLoader
07:41:52.079 [Test worker] DEBUG org.springframework.test.context.support.AbstractContextLoader - Did not detect default resource location for test class [info.donggan.blog.QuartzExampleApplicationTests]: class path resource [info/donggan/blog/QuartzExampleApplicationTests-context.xml] does not exist
07:41:52.080 [Test worker] DEBUG org.springframework.test.context.support.AbstractContextLoader - Did not detect default resource location for test class [info.donggan.blog.QuartzExampleApplicationTests]: class path resource [info/donggan/blog/QuartzExampleApplicationTestsContext.groovy] does not exist
07:41:52.080 [Test worker] INFO org.springframework.test.context.support.AbstractContextLoader - Could not detect default resource locations for test class [info.donggan.blog.QuartzExampleApplicationTests]: no resource found for suffixes {-context.xml, Context.groovy}.
07:41:52.081 [Test worker] INFO org.springframework.test.context.support.AnnotationConfigContextLoaderUtils - Could not detect default configuration classes for test class [info.donggan.blog.QuartzExampleApplicationTests]: QuartzExampleApplicationTests does not declare any static, non-private, non-final, nested classes annotated with @Configuration.
07:41:52.103 [Test worker] DEBUG org.springframework.test.context.support.ActiveProfilesUtils - Could not find an 'annotation declaring class' for annotation type [org.springframework.test.context.ActiveProfiles] and class [info.donggan.blog.QuartzExampleApplicationTests]
07:41:52.134 [Test worker] DEBUG org.springframework.core.env.StandardEnvironment - Adding [systemProperties] PropertySource with lowest search precedence
07:41:52.140 [Test worker] DEBUG org.springframework.core.env.StandardEnvironment - Adding [systemEnvironment] PropertySource with lowest search precedence
07:41:52.140 [Test worker] DEBUG org.springframework.core.env.StandardEnvironment - Initialized StandardEnvironment with PropertySources [systemProperties,systemEnvironment]
07:41:52.148 [Test worker] DEBUG org.springframework.core.io.support.PathMatchingResourcePatternResolver - Resolved classpath location [info/donggan/blog/] to resources [URL [file:/Users/gdong/Work/projects/quartz-example/build/classes/test/info/donggan/blog/], URL [file:/Users/gdong/Work/projects/quartz-example/build/classes/main/info/donggan/blog/]]
07:41:52.149 [Test worker] DEBUG org.springframework.core.io.support.PathMatchingResourcePatternResolver - Looking for matching resources in directory tree [/Users/gdong/Work/projects/quartz-example/build/classes/test/info/donggan/blog]
07:41:52.149 [Test worker] DEBUG org.springframework.core.io.support.PathMatchingResourcePatternResolver - Searching directory [/Users/gdong/Work/projects/quartz-example/build/classes/test/info/donggan/blog] for files matching pattern [/Users/gdong/Work/projects/quartz-example/build/classes/test/info/donggan/blog/*.class]
07:41:52.151 [Test worker] DEBUG org.springframework.core.io.support.PathMatchingResourcePatternResolver - Looking for matching resources in directory tree [/Users/gdong/Work/projects/quartz-example/build/classes/main/info/donggan/blog]
07:41:52.151 [Test worker] DEBUG org.springframework.core.io.support.PathMatchingResourcePatternResolver - Searching directory [/Users/gdong/Work/projects/quartz-example/build/classes/main/info/donggan/blog] for files matching pattern [/Users/gdong/Work/projects/quartz-example/build/classes/main/info/donggan/blog/*.class]
07:41:52.151 [Test worker] DEBUG org.springframework.core.io.support.PathMatchingResourcePatternResolver - Resolved location pattern [classpath*:info/donggan/blog/*.class] to resources [file [/Users/gdong/Work/projects/quartz-example/build/classes/test/info/donggan/blog/QuartzExampleApplicationTests.class], file [/Users/gdong/Work/projects/quartz-example/build/classes/main/info/donggan/blog/QuartzExampleApplication.class]]
07:41:52.182 [Test worker] DEBUG org.springframework.context.annotation.ClassPathScanningCandidateComponentProvider - Identified candidate component class: file [/Users/gdong/Work/projects/quartz-example/build/classes/main/info/donggan/blog/QuartzExampleApplication.class]
07:41:52.182 [Test worker] INFO org.springframework.boot.test.context.SpringBootTestContextBootstrapper - Found @SpringBootConfiguration info.donggan.blog.QuartzExampleApplication for test class info.donggan.blog.QuartzExampleApplicationTests
07:41:52.184 [Test worker] DEBUG org.springframework.boot.test.context.SpringBootTestContextBootstrapper - @TestExecutionListeners is not present for class [info.donggan.blog.QuartzExampleApplicationTests]: using defaults.
07:41:52.186 [Test worker] INFO org.springframework.boot.test.context.SpringBootTestContextBootstrapper - Loaded default TestExecutionListener class names from location [META-INF/spring.factories]: [org.springframework.boot.test.mock.mockito.MockitoTestExecutionListener, org.springframework.boot.test.mock.mockito.ResetMocksTestExecutionListener, org.springframework.boot.test.autoconfigure.AutoConfigureReportTestExecutionListener, org.springframework.boot.test.autoconfigure.restdocs.RestDocsTestExecutionListener, org.springframework.boot.test.autoconfigure.web.client.MockRestServiceServerResetTestExecutionListener, org.springframework.test.context.web.ServletTestExecutionListener, org.springframework.test.context.support.DirtiesContextBeforeModesTestExecutionListener, org.springframework.test.context.support.DependencyInjectionTestExecutionListener, org.springframework.test.context.support.DirtiesContextTestExecutionListener, org.springframework.test.context.transaction.TransactionalTestExecutionListener, org.springframework.test.context.jdbc.SqlScriptsTestExecutionListener]
07:41:52.191 [Test worker] INFO org.springframework.boot.test.context.SpringBootTestContextBootstrapper - Could not instantiate TestExecutionListener [org.springframework.test.context.transaction.TransactionalTestExecutionListener]. Specify custom listener classes or make the default listener classes (and their required dependencies) available. Offending class: [org/springframework/transaction/interceptor/TransactionAttributeSource]
07:41:52.192 [Test worker] INFO org.springframework.boot.test.context.SpringBootTestContextBootstrapper - Could not instantiate TestExecutionListener [org.springframework.test.context.web.ServletTestExecutionListener]. Specify custom listener classes or make the default listener classes (and their required dependencies) available. Offending class: [javax/servlet/ServletContext]
07:41:52.193 [Test worker] INFO org.springframework.boot.test.context.SpringBootTestContextBootstrapper - Could not instantiate TestExecutionListener [org.springframework.test.context.jdbc.SqlScriptsTestExecutionListener]. Specify custom listener classes or make the default listener classes (and their required dependencies) available. Offending class: [org/springframework/transaction/interceptor/TransactionAttribute]
07:41:52.193 [Test worker] INFO org.springframework.boot.test.context.SpringBootTestContextBootstrapper - Using TestExecutionListeners: [org.springframework.test.context.support.DirtiesContextBeforeModesTestExecutionListener@4c12e8cb, org.springframework.boot.test.autoconfigure.AutoConfigureReportTestExecutionListener@3ae49184, org.springframework.test.context.support.DependencyInjectionTestExecutionListener@11dde978, org.springframework.test.context.support.DirtiesContextTestExecutionListener@6fda70f6, org.springframework.boot.test.mock.mockito.MockitoTestExecutionListener@34559976, org.springframework.boot.test.autoconfigure.web.client.MockRestServiceServerResetTestExecutionListener@2aa356c9, org.springframework.boot.test.mock.mockito.ResetMocksTestExecutionListener@544beccc, org.springframework.boot.test.autoconfigure.restdocs.RestDocsTestExecutionListener@68aa7b73]
07:41:52.195 [Test worker] DEBUG org.springframework.test.annotation.ProfileValueUtils - Retrieved @ProfileValueSourceConfiguration [null] for test class [info.donggan.blog.QuartzExampleApplicationTests]
07:41:52.195 [Test worker] DEBUG org.springframework.test.annotation.ProfileValueUtils - Retrieved ProfileValueSource type [class org.springframework.test.annotation.SystemProfileValueSource] for class [info.donggan.blog.QuartzExampleApplicationTests]
07:41:52.195 [Test worker] DEBUG org.springframework.test.annotation.ProfileValueUtils - Retrieved @ProfileValueSourceConfiguration [null] for test class [info.donggan.blog.QuartzExampleApplicationTests]
07:41:52.196 [Test worker] DEBUG org.springframework.test.annotation.ProfileValueUtils - Retrieved ProfileValueSource type [class org.springframework.test.annotation.SystemProfileValueSource] for class [info.donggan.blog.QuartzExampleApplicationTests]
07:41:52.199 [Test worker] DEBUG org.springframework.test.context.support.AbstractDirtiesContextTestExecutionListener - Before test class: context [DefaultTestContext@392286d5 testClass = QuartzExampleApplicationTests, testInstance = [null], testMethod = [null], testException = [null], mergedContextConfiguration = [MergedContextConfiguration@1617908e testClass = QuartzExampleApplicationTests, locations = '{}', classes = '{class info.donggan.blog.QuartzExampleApplication}', contextInitializerClasses = '[]', activeProfiles = '{}', propertySourceLocations = '{}', propertySourceProperties = '{org.springframework.boot.test.context.SpringBootTestContextBootstrapper=true}', contextCustomizers = set[org.springframework.boot.test.context.SpringBootTestContextCustomizer@64a187e9, org.springframework.boot.test.context.filter.ExcludeFilterContextCustomizer@21172899, org.springframework.boot.test.mock.mockito.MockitoContextCustomizer@0, org.springframework.boot.test.autoconfigure.properties.PropertyMappingContextCustomizer@0], contextLoader = 'org.springframework.boot.test.context.SpringBootContextLoader', parent = [null]]], class annotated with @DirtiesContext [false] with mode [null].
07:41:52.199 [Test worker] DEBUG org.springframework.test.annotation.ProfileValueUtils - Retrieved @ProfileValueSourceConfiguration [null] for test class [info.donggan.blog.QuartzExampleApplicationTests]
07:41:52.199 [Test worker] DEBUG org.springframework.test.annotation.ProfileValueUtils - Retrieved ProfileValueSource type [class org.springframework.test.annotation.SystemProfileValueSource] for class [info.donggan.blog.QuartzExampleApplicationTests]
07:41:52.200 [Test worker] DEBUG org.springframework.test.context.support.DependencyInjectionTestExecutionListener - Performing dependency injection for test context [[DefaultTestContext@392286d5 testClass = QuartzExampleApplicationTests, testInstance = info.donggan.blog.QuartzExampleApplicationTests@39aa51ce, testMethod = [null], testException = [null], mergedContextConfiguration = [MergedContextConfiguration@1617908e testClass = QuartzExampleApplicationTests, locations = '{}', classes = '{class info.donggan.blog.QuartzExampleApplication}', contextInitializerClasses = '[]', activeProfiles = '{}', propertySourceLocations = '{}', propertySourceProperties = '{org.springframework.boot.test.context.SpringBootTestContextBootstrapper=true}', contextCustomizers = set[org.springframework.boot.test.context.SpringBootTestContextCustomizer@64a187e9, org.springframework.boot.test.context.filter.ExcludeFilterContextCustomizer@21172899, org.springframework.boot.test.mock.mockito.MockitoContextCustomizer@0, org.springframework.boot.test.autoconfigure.properties.PropertyMappingContextCustomizer@0], contextLoader = 'org.springframework.boot.test.context.SpringBootContextLoader', parent = [null]]]].
07:41:52.216 [Test worker] DEBUG org.springframework.core.env.StandardEnvironment - Adding [systemProperties] PropertySource with lowest search precedence
07:41:52.217 [Test worker] DEBUG org.springframework.core.env.StandardEnvironment - Adding [systemEnvironment] PropertySource with lowest search precedence
07:41:52.217 [Test worker] DEBUG org.springframework.core.env.StandardEnvironment - Initialized StandardEnvironment with PropertySources [systemProperties,systemEnvironment]
07:41:52.217 [Test worker] DEBUG org.springframework.test.context.support.TestPropertySourceUtils - Adding inlined properties to environment: {spring.jmx.enabled=false, org.springframework.boot.test.context.SpringBootTestContextBootstrapper=true, server.port=-1}
07:41:52.218 [Test worker] DEBUG org.springframework.core.env.StandardEnvironment - Adding [Inlined Test Properties] PropertySource with highest search precedence

  .   ____          _            __ _ _
 /\\ / ___'_ __ _ _(_)_ __  __ _ \ \ \ \
( ( )\___ | '_ | '_| | '_ \/ _` | \ \ \ \
 \\/  ___)| |_)| | | | | || (_| |  ) ) ) )
  '  |____| .__|_| |_|_| |_\__, | / / / /
 =========|_|==============|___/=/_/_/_/
 :: Spring Boot ::        (v1.4.0.RELEASE)

2016-08-25 07:41:52.784  INFO 18178 --- [    Test worker] i.d.blog.QuartzExampleApplicationTests   : Starting QuartzExampleApplicationTests on DongGandeiMac.lan with PID 18178 (started by gdong in /Users/gdong/Work/projects/quartz-example)
2016-08-25 07:41:52.785  INFO 18178 --- [    Test worker] i.d.blog.QuartzExampleApplicationTests   : No active profile set, falling back to default profiles: default
2016-08-25 07:41:52.800  INFO 18178 --- [    Test worker] s.c.a.AnnotationConfigApplicationContext : Refreshing org.springframework.context.annotation.AnnotationConfigApplicationContext@6d19f29f: startup date [Thu Aug 25 07:41:52 CST 2016]; root of context hierarchy
2016-08-25 07:41:53.171  INFO 18178 --- [    Test worker] i.d.blog.QuartzExampleApplicationTests   : Started QuartzExampleApplicationTests in 0.951 seconds (JVM running for 1.537)
]]></system-out>
  <system-err><![CDATA[]]></system-err>
</testsuite>
